[0.023s] Invoking command in '/home/huhao/rm_vision/build/camera': CMAKE_PREFIX_PATH=/opt/ros/humble /usr/bin/cmake /home/huhao/rm_vision/camera -DCMAKE_INSTALL_PREFIX=/home/huhao/rm_vision/install/camera
[0.088s] -- The C compiler identification is GNU 11.4.0
[0.150s] -- The CXX compiler identification is GNU 11.4.0
[0.157s] -- Detecting C compiler ABI info
[0.218s] -- Detecting C compiler ABI info - done
[0.229s] -- Check for working C compiler: /usr/bin/cc - skipped
[0.229s] -- Detecting C compile features
[0.229s] -- Detecting C compile features - done
[0.232s] -- Detecting CXX compiler ABI info
[0.299s] -- Detecting CXX compiler ABI info - done
[0.306s] -- Check for working CXX compiler: /usr/bin/c++ - skipped
[0.307s] -- Detecting CXX compile features
[0.307s] -- Detecting CXX compile features - done
[0.321s] -- Found ament_cmake: 1.3.12 (/opt/ros/humble/share/ament_cmake/cmake)
[0.454s] -- Found Python3: /usr/bin/python3 (found version "3.10.12") found components: Interpreter 
[0.516s] -- Found rclcpp: 16.0.15 (/opt/ros/humble/share/rclcpp/cmake)
[0.581s] -- Found rosidl_generator_c: 3.1.7 (/opt/ros/humble/share/rosidl_generator_c/cmake)
[0.584s] -- Found rosidl_adapter: 3.1.7 (/opt/ros/humble/share/rosidl_adapter/cmake)
[0.591s] -- Found rosidl_generator_cpp: 3.1.7 (/opt/ros/humble/share/rosidl_generator_cpp/cmake)
[0.601s] -- Using all available rosidl_typesupport_c: rosidl_typesupport_fastrtps_c;rosidl_typesupport_introspection_c
[0.615s] -- Using all available rosidl_typesupport_cpp: rosidl_typesupport_fastrtps_cpp;rosidl_typesupport_introspection_cpp
[0.651s] -- Found rmw_implementation_cmake: 6.1.2 (/opt/ros/humble/share/rmw_implementation_cmake/cmake)
[0.654s] -- Found rmw_fastrtps_cpp: 6.2.9 (/opt/ros/humble/share/rmw_fastrtps_cpp/cmake)
[0.732s] -- Found OpenSSL: /usr/lib/aarch64-linux-gnu/libcrypto.so (found version "3.0.2")  
[0.757s] -- Found FastRTPS: /opt/ros/humble/include  
[0.826s] -- Using RMW implementation 'rmw_fastrtps_cpp' as default
[0.832s] -- Looking for pthread.h
[0.896s] -- Looking for pthread.h - found
[0.897s] -- Performing Test CMAKE_HAVE_LIBC_PTHREAD
[0.963s] -- Performing Test CMAKE_HAVE_LIBC_PTHREAD - Success
[0.964s] -- Found Threads: TRUE  
[1.010s] -- Found sensor_msgs: 4.9.0 (/opt/ros/humble/share/sensor_msgs/cmake)
[1.037s] -- Found cv_bridge: 3.2.1 (/opt/ros/humble/share/cv_bridge/cmake)
[1.046s] -- Found image_transport: 3.1.12 (/opt/ros/humble/share/image_transport/cmake)
[1.073s] -- Found OpenCV: /usr (found version "4.5.4") 
[1.074s] -- Found ament_lint_auto: 0.12.14 (/opt/ros/humble/share/ament_lint_auto/cmake)
[1.128s] -- Added test 'copyright' to check source files copyright and LICENSE
[1.129s] -- Added test 'cppcheck' to perform static code analysis on C / C++ code
[1.129s] -- Configured cppcheck include dirs: /home/huhao/rm_vision/camera/include
[1.130s] -- Configured cppcheck exclude dirs and/or files: 
[1.132s] -- Added test 'cpplint' to check C / C++ code against the Google style
[1.132s] -- Configured cpplint exclude dirs and/or files: 
[1.132s] -- Added test 'flake8' to check Python code syntax and style conventions
[1.133s] -- Added test 'lint_cmake' to check CMake code style
[1.133s] -- Added test 'pep257' to check Python code against some of the docstring style conventions in PEP 257
[1.135s] -- Added test 'uncrustify' to check C / C++ code style
[1.135s] -- Configured uncrustify additional arguments: 
[1.136s] -- Added test 'xmllint' to check XML markup files
[1.137s] -- Configuring done
[1.148s] -- Generating done
[1.152s] -- Build files have been written to: /home/huhao/rm_vision/build/camera
[1.158s] Invoked command in '/home/huhao/rm_vision/build/camera' returned '0': CMAKE_PREFIX_PATH=/opt/ros/humble /usr/bin/cmake /home/huhao/rm_vision/camera -DCMAKE_INSTALL_PREFIX=/home/huhao/rm_vision/install/camera
[1.160s] Invoking command in '/home/huhao/rm_vision/build/camera': CMAKE_PREFIX_PATH=/opt/ros/humble /usr/bin/cmake --build /home/huhao/rm_vision/build/camera -- -j6 -l6
[1.187s] [ 33%] [32mBuilding CXX object CMakeFiles/camera.dir/src/CamNode.cpp.o[0m
[1.191s] [ 66%] [32mBuilding CXX object CMakeFiles/camera.dir/src/CamWrapper.cpp.o[0m
[1.423s] [01m[K/home/huhao/rm_vision/camera/src/CamWrapper.cpp:8:10:[m[K [01;31m[Kfatal error: [m[Kglog/logging.h: No such file or directory
[1.423s]     8 | #include [01;31m[K<glog/logging.h>[m[K
[1.423s]       |          [01;31m[K^~~~~~~~~~~~~~~~[m[K
[1.423s] compilation terminated.
[1.426s] gmake[2]: *** [CMakeFiles/camera.dir/build.make:90: CMakeFiles/camera.dir/src/CamWrapper.cpp.o] Error 1
[1.426s] gmake[2]: *** Waiting for unfinished jobs....
[1.525s] In file included from [01m[K/home/huhao/rm_vision/camera/src/CamNode.cpp:25[m[K:
[1.525s] [01m[K/home/huhao/rm_vision/camera/include/CamWrapperDH.h:8:10:[m[K [01;31m[Kfatal error: [m[Kglog/logging.h: No such file or directory
[1.525s]     8 | #include [01;31m[K<glog/logging.h>[m[K
[1.525s]       |          [01;31m[K^~~~~~~~~~~~~~~~[m[K
[1.525s] compilation terminated.
[1.529s] gmake[2]: *** [CMakeFiles/camera.dir/build.make:76: CMakeFiles/camera.dir/src/CamNode.cpp.o] Error 1
[1.529s] gmake[1]: *** [CMakeFiles/Makefile2:137: CMakeFiles/camera.dir/all] Error 2
[1.529s] gmake: *** [Makefile:146: all] Error 2
[1.532s] Invoked command in '/home/huhao/rm_vision/build/camera' returned '2': CMAKE_PREFIX_PATH=/opt/ros/humble /usr/bin/cmake --build /home/huhao/rm_vision/build/camera -- -j6 -l6
